2019-12-24 17:57:30 [DEBUG] [10] >> LoadFile.read(./data/train.csv)
2019-12-24 17:57:41 [DEBUG] [10] >> LoadFile.read(./data/test.csv)
2019-12-24 17:57:44 [INFO] [34] >> 神经网络规模：(50, 50)
2019-12-24 17:57:44 [DEBUG] [15] >> Bpnn.__init__((50, 50))
2019-12-24 17:57:44 [INFO] [18] >> 检测 (50, 50) 模型是否已经训练完成
2019-12-24 17:57:44 [INFO] [24] >> 规模:(50, 50) 训练模型不存在
2019-12-24 17:57:44 [DEBUG] [52] >> Bpnn.scaler
2019-12-24 17:57:45 [DEBUG] [35] >> Bpnn.train
2019-12-24 18:01:19 [INFO] [65] >> 神经网络模型已经保存至 models/bpnn.(50, 50).model 中
2019-12-24 18:01:19 [DEBUG] [40] >> Bpnn.print
2019-12-24 18:01:19 [INFO] [44] >> 第1层网络层: 权重矩阵维度=(25, 50) 系数矩阵=[[ 8.26391621e-02  1.13049441e-01 -1.08584343e-01 ...  4.80259929e-01
   3.85133599e-01  1.74594414e-01]
 [ 1.28619333e-01  2.44030899e-01  5.73333599e-01 ...  8.12936642e-01
   4.58392655e-02 -5.08558623e-01]
 [ 4.33709566e-01 -1.09809468e-01  1.78903760e-01 ...  1.98251296e-01
   3.86853578e-01  5.68494548e-01]
 ...
 [-5.84145228e-02  1.54451818e-01  9.21835659e-02 ... -1.83546482e-01
   2.08249580e-02 -1.35346183e-01]
 [ 3.96780450e-03 -1.94325073e-02  1.14043045e-03 ...  3.61644163e-02
  -1.34095296e-02 -1.15401332e-02]
 [ 2.80410000e+00 -2.16403848e+00  9.24576094e-01 ...  8.60015361e-01
   8.64947121e-01 -1.81333945e+00]]:
2019-12-24 18:01:19 [INFO] [44] >> 第2层网络层: 权重矩阵维度=(50, 50) 系数矩阵=[[-2.20361879e-002 -5.76106257e-001 -4.30254642e-316 ... -4.60145266e-002
  -1.13522495e+000 -5.73028970e-002]
 [-1.09323338e+000 -2.77913561e-001 -4.67805385e-316 ...  9.63334737e-002
  -6.00838462e-002 -9.20395952e-002]
 [-4.49257530e-002  3.37009396e-001  3.71841513e-315 ...  1.92175593e-001
  -3.78152509e-001  2.06256230e-001]
 ...
 [-2.48291876e-001 -3.80000514e-001 -3.28597513e-315 ...  1.17754185e-002
   3.56128148e-001  1.01096425e-001]
 [-4.78544718e-001  1.92746845e-001 -7.23033591e-316 ...  1.94221016e-002
   1.05254186e-001 -5.84666056e-001]
 [-3.67584689e-001 -1.94921109e-001 -2.01941296e-315 ...  4.52523947e-003
  -1.61137906e-001 -2.74533505e-001]]:
2019-12-24 18:01:19 [INFO] [44] >> 第3层网络层: 权重矩阵维度=(50, 1) 系数矩阵=[[-1.88231362e+000]
 [-2.09319300e+000]
 [-1.95025334e-316]
 [ 2.19888010e-315]
 [ 1.27653789e+000]
 [-1.62468998e+000]
 [-1.63634558e+000]
 [ 2.10020429e-001]
 [ 5.02162425e-002]
 [ 7.77742640e-001]
 [ 5.38623272e-316]
 [-1.44776660e+000]
 [-1.41642168e+000]
 [-1.70382092e+000]
 [-1.20352741e+000]
 [-1.27193877e+000]
 [ 8.58943846e-002]
 [-4.91579777e-001]
 [ 6.08518904e-001]
 [-2.48090647e-001]
 [-7.96647231e-001]
 [-1.06653570e+000]
 [-1.28995021e+000]
 [-1.57737384e+000]
 [ 2.44005257e-001]
 [ 9.08000814e-081]
 [-6.44487896e-001]
 [-5.53362230e-001]
 [ 1.03724645e+000]
 [-5.98971966e-002]
 [ 3.27816382e-001]
 [-1.46264987e+000]
 [ 7.69349085e-001]
 [-5.77652241e-001]
 [-1.42799701e+000]
 [-1.94913444e+000]
 [-1.67484205e+000]
 [-1.58831732e+000]
 [-3.24745606e-001]
 [ 9.24698360e-001]
 [ 1.48151117e+000]
 [ 1.51790982e+000]
 [ 5.84009066e-316]
 [ 5.11985298e-001]
 [ 5.61962017e-001]
 [-1.31182559e+000]
 [-4.98343795e-001]
 [ 1.12385713e-001]
 [-2.13429644e+000]
 [-1.43301207e+000]]:
2019-12-24 18:01:19 [DEBUG] [47] >> Bpnn.predict
2019-12-24 18:01:19 [DEBUG] [30] >> LoadFile.write(result/submit_bpnn(50, 50).csv)
2019-12-24 18:01:19 [INFO] [45] >> 神经网络训练测试结束，predict结果保存在 result/submit_bpnn(50, 50).csv 中
2019-12-24 18:13:58 [DEBUG] [10] >> LoadFile.read(./data/train.csv)
2019-12-24 18:14:09 [DEBUG] [10] >> LoadFile.read(./data/test.csv)
2019-12-24 18:14:11 [INFO] [34] >> 神经网络规模：(300, 300, 300)
2019-12-24 18:14:11 [DEBUG] [15] >> Bpnn.__init__((300, 300, 300))
2019-12-24 18:14:11 [INFO] [18] >> 检测 (300, 300, 300) 模型是否已经训练完成
2019-12-24 18:14:11 [INFO] [24] >> 规模:(300, 300, 300) 训练模型不存在
2019-12-24 18:14:11 [DEBUG] [52] >> Bpnn.scaler
2019-12-24 18:14:12 [DEBUG] [35] >> Bpnn.train
2019-12-24 21:02:40 [INFO] [65] >> 神经网络模型已经保存至 models/bpnn.(300, 300, 300).model 中
2019-12-24 21:02:40 [DEBUG] [40] >> Bpnn.print
2019-12-24 21:02:40 [INFO] [44] >> 第1层网络层: 权重矩阵维度=(25, 300) 系数矩阵=[[ 1.93826696e-01 -1.93053602e-02 -1.35917046e-02 ...  1.76418274e-01
   4.61650396e-02  1.95592033e-01]
 [-8.04490715e-01  2.16469228e-01  2.21057816e-01 ... -6.53646315e-01
   1.46036783e-01  7.42584323e-01]
 [-6.24349506e-02 -2.00645919e-01 -1.90127440e-02 ... -1.16653740e-01
   3.81053669e-01  2.78216485e-01]
 ...
 [-1.85241764e-02 -1.49672808e-01 -9.36915169e-03 ...  1.30782473e-01
   2.01064951e-02 -1.40100392e-02]
 [-8.29698133e-04  3.52281820e-03  1.15690981e-03 ... -1.88796759e-02
   3.27897125e-02 -6.03631786e-03]
 [ 1.16951540e+00  2.15217959e-01  9.52595234e-01 ...  2.85619852e-01
   6.67760807e-01  8.46948056e-01]]:
2019-12-24 21:02:40 [INFO] [44] >> 第2层网络层: 权重矩阵维度=(300, 300) 系数矩阵=[[-2.48797843e-315  2.21342738e-315 -2.59333613e-315 ... -4.21396568e-002
   2.94692809e-315 -1.01775177e-315]
 [ 4.38037407e-315 -2.56291995e-315  1.28527502e-316 ...  1.86353695e-001
  -1.02274775e-315  1.10936920e-315]
 [-4.62957130e-315 -2.11727805e-315 -4.76020368e-315 ... -8.08067116e-002
   8.56934239e-316 -1.55474505e-315]
 ...
 [-4.12709910e-315 -1.50869487e-315  2.22949221e-315 ... -1.08843162e-001
  -4.46271469e-316 -3.43695896e-315]
 [ 3.09323963e-315 -2.52078429e-316  1.59009394e-315 ... -1.27356416e-001
  -2.44162904e-316  2.73479349e-315]
 [-4.38791380e-315 -9.56155625e-316 -1.26639839e-315 ...  2.52803284e-001
  -3.81641483e-315 -2.81097459e-316]]:
2019-12-24 21:02:40 [INFO] [44] >> 第3层网络层: 权重矩阵维度=(300, 300) 系数矩阵=[[-3.28431304e-316 -4.62589019e-315 -3.27030425e-315 ...  1.52319480e-315
   1.01694675e-315  2.36685629e-315]
 [ 1.24633984e-315  4.13045634e-315  4.31140568e-315 ... -1.61655144e-315
   1.42553629e-315 -8.72204820e-316]
 [-7.60659679e-316  7.35870879e-316  3.22639629e-315 ...  1.74712026e-315
  -4.49077067e-315  2.68202003e-315]
 ...
 [-2.74919121e-315  1.54308356e-316 -6.57479830e-316 ... -2.47572887e-315
  -4.85834332e-315  9.92509375e-316]
 [-2.75164931e-315 -2.69805107e-315  3.66641535e-315 ... -4.27782653e-315
  -2.31663740e-315  3.54696277e-315]
 [-8.53015281e-316 -6.00470188e-316  4.00820407e-315 ... -2.98682688e-315
  -2.19275602e-315  2.12285663e-315]]:
2019-12-24 21:02:40 [INFO] [44] >> 第4层网络层: 权重矩阵维度=(300, 1) 系数矩阵=[[ 4.85580098e-316]
 [-8.78082112e-316]
 [ 2.22332087e-315]
 [ 6.46952387e-316]
 [ 7.14157864e-185]
 [-1.65772820e-315]
 [-1.81463560e-001]
 [-3.28530912e-315]
 [ 4.87683563e-316]
 [-1.18022106e-001]
 [ 9.27417239e-316]
 [ 8.38372292e-316]
 [-4.41066741e-315]
 [-3.55478587e-316]
 [-2.83693693e-315]
 [ 1.51054213e-316]
 [ 3.38079561e-316]
 [ 1.41736552e-315]
 [-2.25889855e-315]
 [-5.41455993e-001]
 [ 1.52867243e-315]
 [-9.22946510e-002]
 [-5.00242627e-316]
 [ 1.26067462e-315]
 [-2.15762818e-315]
 [-5.02781670e-316]
 [ 5.67899508e-316]
 [-2.02170754e-315]
 [ 1.39357053e-315]
 [ 1.84430447e-316]
 [-2.63770899e-315]
 [ 6.97093440e-316]
 [-4.49027846e-315]
 [ 8.80508375e-061]
 [-2.16774503e-315]
 [-5.37068428e-317]
 [ 1.47775548e-315]
 [-8.08918657e-316]
 [ 4.27369738e-315]
 [ 1.85189077e-315]
 [-2.37074192e-315]
 [ 1.27898225e-002]
 [-4.34456063e-003]
 [ 1.15005942e-151]
 [-7.00334515e-316]
 [-1.45585527e-315]
 [-2.23026153e-316]
 [-1.81350152e-315]
 [ 4.58008507e-003]
 [-4.93851686e-316]
 [ 3.78297444e-315]
 [-1.78448118e-315]
 [ 7.62030665e-002]
 [-1.38650513e-315]
 [-4.33168765e-316]
 [ 1.07903808e-001]
 [-1.10256312e-316]
 [ 6.79262655e-316]
 [-3.60794749e-315]
 [ 8.16963538e-002]
 [-1.83724219e-316]
 [-7.96618537e-316]
 [-2.34324728e-001]
 [-2.65843246e-316]
 [-3.56575570e-315]
 [ 2.72973040e-001]
 [-1.40345961e-001]
 [ 2.96123608e-001]
 [-1.46975922e-315]
 [-7.39844733e-316]
 [ 5.67171428e-316]
 [-1.01335268e-315]
 [ 1.53556244e-315]
 [ 2.71204748e-315]
 [-6.58738655e-002]
 [-3.00348020e-003]
 [-1.32884808e-315]
 [-7.08426278e-316]
 [ 4.59542625e-001]
 [ 6.31209722e-317]
 [ 3.49811679e-316]
 [-5.00173112e-316]
 [-6.53376945e-316]
 [-1.10296937e-315]
 [-6.81404642e-316]
 [-3.65172404e-315]
 [-3.22257248e-001]
 [ 1.04060869e-315]
 [-1.51040117e-001]
 [-1.65080456e-315]
 [ 4.36291117e-001]
 [-3.30229278e-317]
 [-2.30514072e-315]
 [ 6.70238694e-316]
 [ 3.07705611e-316]
 [ 3.69607582e-315]
 [-2.03553628e-315]
 [ 2.80343796e-316]
 [-7.37627722e-316]
 [ 1.59657392e-001]
 [ 3.63264694e-002]
 [-3.39078644e-315]
 [ 3.93524823e-316]
 [-1.24762614e-315]
 [-1.73085752e-315]
 [ 1.31269295e-316]
 [-1.65876356e-315]
 [-4.67641084e-315]
 [ 1.74249307e-315]
 [ 8.70282989e-316]
 [ 2.99822700e-316]
 [ 4.59245919e-002]
 [ 1.46169956e-315]
 [ 1.63957347e-315]
 [ 1.52007990e-315]
 [-6.92348453e-316]
 [ 2.26483738e-316]
 [-3.10743657e-315]
 [ 1.35160177e-315]
 [ 2.44516889e-003]
 [-6.31644910e-316]
 [-2.96887818e-002]
 [-2.90787147e-001]
 [-3.18916120e-315]
 [-4.48396162e-315]
 [ 5.17376147e-316]
 [-1.76987942e-315]
 [-1.32191819e-315]
 [-3.13903261e-315]
 [-4.53610330e-316]
 [ 5.59794479e-316]
 [-2.21394928e-315]
 [ 6.82503557e-002]
 [ 2.02792771e-315]
 [ 1.04198097e-315]
 [-4.00122709e-315]
 [-9.13555837e-317]
 [-1.10600259e-315]
 [-2.87857818e-247]
 [ 1.30948014e-315]
 [ 3.71921230e-316]
 [ 8.23091004e-002]
 [-9.41115644e-316]
 [ 1.66534713e-315]
 [ 2.36669045e-316]
 [ 3.69353789e-315]
 [-1.84884275e-315]
 [-2.43223832e-315]
 [ 3.40240940e-316]
 [-1.23551185e-315]
 [-4.13233883e-316]
 [ 1.50973615e-315]
 [ 3.87597319e-315]
 [-1.57449655e-316]
 [ 2.25320041e-315]
 [ 3.52108742e-315]
 [ 2.26007317e-108]
 [-1.24394061e-315]
 [ 4.05870369e-315]
 [-4.12144004e-315]
 [ 3.80598445e-315]
 [ 1.53235107e-315]
 [ 2.55817142e-315]
 [ 2.18861310e-003]
 [ 1.61540242e-316]
 [-2.60225013e-315]
 [ 1.30512075e-315]
 [-4.92876820e-316]
 [-1.86012620e-001]
 [-1.83515597e-315]
 [ 6.51221614e-316]
 [-1.81377422e-315]
 [-4.95934795e-317]
 [ 2.00739972e-001]
 [ 5.01621416e-316]
 [-5.43922346e-001]
 [ 3.02775903e-316]
 [ 5.18200491e-316]
 [ 1.05006403e-315]
 [-2.60440889e-315]
 [-7.78419615e-316]
 [ 1.68483353e-315]
 [ 1.14237976e-315]
 [-1.79493341e-315]
 [-1.62996126e-315]
 [ 8.59063010e-316]
 [ 4.01590604e-315]
 [ 2.43065313e-315]
 [-1.75825855e-315]
 [ 3.47800278e-316]
 [ 4.76479505e-315]
 [ 1.25748899e-315]
 [ 8.79422250e-002]
 [-5.35106676e-316]
 [-4.73429175e-315]
 [ 3.37985794e-001]
 [-6.75618511e-316]
 [-1.32135327e-316]
 [ 1.42872988e-003]
 [ 4.32950294e-315]
 [ 1.08848394e-315]
 [ 1.55305562e-001]
 [-4.11391784e-316]
 [-2.26541715e-315]
 [ 2.74595406e-316]
 [-1.19035882e-315]
 [-3.12989923e-003]
 [-2.79898119e-317]
 [ 8.60376666e-002]
 [-3.77048533e-001]
 [ 4.26262469e-011]
 [-1.69792276e-315]
 [-2.22449597e-001]
 [-5.76317107e-316]
 [-1.61975658e-315]
 [ 7.33264114e-316]
 [-3.23886492e-315]
 [-3.44472750e-315]
 [ 2.25518396e-315]
 [ 3.30686390e-315]
 [ 1.16105079e-315]
 [ 7.88438590e-002]
 [-4.32304655e-315]
 [-2.53579801e-315]
 [ 3.14207016e-315]
 [ 2.94976243e-315]
 [-2.60854972e-001]
 [ 7.82809062e-316]
 [-9.81158978e-316]
 [-4.41523026e-315]
 [ 3.21584214e-315]
 [ 2.34247185e-001]
 [ 7.41035090e-316]
 [-1.47399525e-315]
 [ 3.99719761e-315]
 [ 4.15439568e-315]
 [ 3.69389191e-315]
 [-6.94629826e-316]
 [-8.88509501e-316]
 [-1.16665894e-315]
 [-5.36196951e-316]
 [-4.48353675e-316]
 [-4.03632863e-316]
 [ 3.80606722e-003]
 [ 5.23742153e-316]
 [-1.62782283e-315]
 [-3.92721225e-001]
 [-2.74064510e-315]
 [ 7.19415341e-316]
 [-9.00061808e-316]
 [ 4.03370586e-315]
 [ 9.79526674e-316]
 [-1.32926164e-315]
 [ 4.24763847e-315]
 [ 4.40102216e-003]
 [ 1.73281865e-315]
 [-2.13150849e-315]
 [ 3.70679993e-283]
 [-1.26337189e-315]
 [ 1.48327668e-315]
 [-4.90744062e-316]
 [-1.99329437e-315]
 [-1.76903315e-315]
 [ 5.15956781e-316]
 [-1.07510746e-315]
 [-4.32906495e-315]
 [-3.53391757e-315]
 [-1.41694033e-315]
 [-5.22007242e-316]
 [-1.80554880e-001]
 [ 3.10314006e-001]
 [ 3.25079731e-316]
 [ 6.45620614e-316]
 [-4.48658535e-315]
 [ 2.89879497e-315]
 [ 1.07869512e-315]
 [-8.82083233e-316]
 [-8.42981623e-316]
 [ 9.02794890e-317]
 [ 1.80412535e-315]
 [ 9.91131668e-316]
 [ 2.44890925e-315]
 [-5.25420687e-316]
 [-3.12416985e-315]
 [-2.61766453e-316]
 [ 2.47416485e-315]
 [ 2.10980867e-002]
 [ 2.51243028e-316]
 [-5.21190734e-316]
 [ 2.12614827e-316]
 [-2.21583168e-315]
 [ 6.68950739e-316]
 [-9.48754754e-317]
 [ 3.68461145e-316]
 [-2.18746638e-315]
 [-4.70511098e-315]
 [-3.26170807e-315]
 [ 1.06333631e-315]
 [ 1.04600314e-315]
 [-4.33559294e-316]]:
2019-12-24 21:02:40 [DEBUG] [47] >> Bpnn.predict
2019-12-24 21:05:27 [DEBUG] [10] >> LoadFile.read(./data/train.csv)
2019-12-24 21:05:38 [DEBUG] [10] >> LoadFile.read(./data/test.csv)
2019-12-24 21:05:41 [INFO] [34] >> 神经网络规模：(50, 50)
2019-12-24 21:05:41 [DEBUG] [15] >> Bpnn.__init__((50, 50))
2019-12-24 21:05:41 [INFO] [18] >> 检测 (50, 50) 模型是否已经训练完成
2019-12-24 21:05:41 [INFO] [24] >> 规模:(50, 50) 训练模型不存在
2019-12-24 21:05:41 [DEBUG] [52] >> Bpnn.scaler
2019-12-24 21:05:41 [DEBUG] [35] >> Bpnn.train
2019-12-24 21:22:20 [INFO] [65] >> 神经网络模型已经保存至 models/bpnn.(50, 50).model 中
2019-12-24 21:22:20 [DEBUG] [40] >> Bpnn.print
2019-12-24 21:22:20 [INFO] [44] >> 第1层网络层: 权重矩阵维度=(25, 50) 系数矩阵=[[-1.63852116e+00 -4.18284103e-01  2.17092490e-02 ...  1.86695912e-01
   1.50438258e+00 -2.25478109e+00]
 [ 5.46862798e-02 -1.58655808e-02  4.24903089e-02 ...  1.31310456e-02
  -1.34611779e-02  1.35290741e-02]
 [-1.13299102e-01 -4.77481921e-01  4.78286164e-02 ... -8.08387736e-03
   1.48555516e-02  5.75419339e-02]
 ...
 [-1.34459355e-02 -6.96346821e-02  4.50738125e-02 ...  1.38677011e-02
  -3.89359804e-03  1.12550185e-02]
 [-2.66019572e-03 -1.07275710e-01 -6.92096102e-02 ... -1.38603792e-02
  -1.44592013e-02  1.19905611e-03]
 [ 1.84105149e-03  3.99940400e-02 -2.06041338e-02 ...  1.23774316e-01
   6.52491184e-02  2.21999008e-01]]:
2019-12-24 21:22:20 [INFO] [44] >> 第2层网络层: 权重矩阵维度=(50, 50) 系数矩阵=[[-0.20288006 -0.33348707 -0.55650818 ...  0.11302602  0.25617943
   1.07343161]
 [-0.19700482 -0.44273107  0.2645161  ... -0.44932228 -0.21234367
   0.17595997]
 [ 0.5771153   0.28047102 -0.18121794 ... -0.31785536 -0.16549482
  -0.42996182]
 ...
 [ 0.19936793 -7.75995192  0.53816178 ...  0.17974207  0.16403618
  -0.07335123]
 [-0.28293045  0.72985975  0.34426229 ... -0.14943647  0.04140718
  -0.28432652]
 [-0.06824674 -0.30473404 -0.12608854 ... -2.47003486 -0.37086016
   0.24401578]]:
2019-12-24 21:22:20 [INFO] [44] >> 第3层网络层: 权重矩阵维度=(50, 6) 系数矩阵=[[ 2.54840561e-01 -1.11855587e-01  3.57393817e-01 -7.43009962e-02
   1.76536210e-01 -3.47359686e-01]
 [-1.90774553e-01 -2.54354532e-01  3.24547069e-01 -1.14677048e+00
  -1.64443203e-01  1.11086681e+00]
 [ 7.75086989e-02 -7.41534997e-01 -1.21972509e+00  2.26148862e-01
   2.44445616e-01 -5.04875479e-03]
 [-2.48245303e-01 -1.55957918e+00 -7.79717944e-02  1.83215462e-02
   6.89115856e-01 -1.09384143e-01]
 [ 7.43172123e-02 -6.72430201e-01 -2.93023538e-01  7.18134297e-01
   8.63813246e-02  2.81410968e-01]
 [-6.91525170e-01 -1.54154921e-01 -7.77663742e-01  1.40294300e-01
   7.97205101e-01 -5.10524924e-01]
 [-7.55661988e-01  5.65543018e-01  8.71348504e-01 -2.26834464e-01
  -1.27905396e+00 -1.15609223e+00]
 [-1.07758791e-01  2.28538867e-01  4.39033997e-01 -3.37860280e-03
  -1.00296903e+00 -1.70202790e-01]
 [-3.56626352e-01  6.03225798e-01  1.05305840e+00 -2.76864356e-01
  -3.81052791e-01 -1.75491931e-01]
 [ 5.15372029e-01  9.86120764e-01 -1.14379219e+00 -4.81448826e-01
   1.61273680e-01 -1.95845987e+00]
 [ 4.00772848e-01  7.72316537e-02 -3.67520687e-01 -2.72833526e-01
  -1.23369595e-01  2.28990206e+00]
 [-8.78198937e-02 -5.21964136e-01  4.24914134e-01  4.63228661e-01
   1.73250100e-01 -3.79744744e-02]
 [ 1.76256688e-01  2.76580700e-01 -1.10898444e+00 -1.31128558e-01
  -4.62048657e-02  2.86748516e-01]
 [-1.86139942e-01  1.91692363e-01 -1.12832328e+00 -3.53820607e-01
   1.42627129e-01 -9.34019574e-02]
 [ 2.55708956e-01 -5.55431753e-01 -9.46608168e-01 -1.80103576e+00
  -3.54595453e-01  2.05834186e-01]
 [ 3.06995252e-01 -6.28882964e-01 -4.84279349e-02  2.22767651e-01
  -2.80359963e-01  4.56069210e-01]
 [ 8.81095108e-02  2.16451381e-01  4.27439025e-01 -1.51202998e-01
  -4.07075426e-01  1.58898699e-01]
 [ 3.33356945e-01  1.25514693e-01 -1.61728012e+00 -1.95542608e+00
   2.13905536e-01  4.06314275e-01]
 [-6.00656819e-01 -1.12792312e-01 -4.54414146e-01  9.39346797e-02
   1.92687805e-01 -2.14934532e-01]
 [ 1.84775190e-01 -2.58334465e-01 -1.24408632e+00  8.80841840e-02
  -1.02965115e-02 -2.83547998e-01]
 [ 3.79856920e-01  1.04667055e-01 -3.30588830e-01  6.96222172e-01
  -4.53412973e-01  1.54854887e-01]
 [ 2.94050698e-01 -3.02211625e+00 -1.22313183e+00 -3.80123557e+00
   3.07659562e-01  2.70840875e-01]
 [ 8.02320348e-02 -2.81855176e-02 -2.93569641e-01  3.94668650e-01
   1.88657192e-01 -1.63729664e-01]
 [ 1.82810150e-01 -1.50296573e+00 -8.99838859e-01 -1.21514152e+00
  -1.06539333e-01 -7.53117606e-02]
 [-3.18826582e-01 -4.15387377e-01  4.41739824e-01 -6.86765917e-02
   5.09398449e-01 -3.95818772e-01]
 [ 2.51313823e-01 -2.11806374e-02  8.52900760e-01 -8.00130713e-01
  -3.82562111e-01  3.88666896e-01]
 [-6.39371485e-02  2.16774614e-01 -3.08733886e-01  4.24981461e-01
  -7.77837263e-01 -6.56421889e-01]
 [-9.06322045e-02  1.61712675e-01 -1.15380056e-01 -4.74199679e-01
  -4.00016062e-01  9.72429537e-02]
 [ 3.01230765e-01 -6.37765299e-01 -8.81951855e-01 -7.08658230e-01
  -3.61886035e-02  3.85197070e-01]
 [-9.69273273e-02 -6.86591318e-01 -6.45915531e-01  3.72106660e-02
   5.36244948e-01 -1.33589897e-01]
 [-2.13917315e-01 -3.95997320e-01  1.90715731e-01 -3.77990346e-01
   1.20094768e-01 -3.86358818e-01]
 [-1.38543547e-01 -3.91235282e-02  5.28061453e-01 -7.74903030e-02
   8.04851755e-02 -4.00148186e-01]
 [ 1.04753183e-01 -6.55488855e-01  3.73748907e-01 -1.89135736e-01
   4.44808396e-01 -1.98067371e-01]
 [ 3.34397927e-02  4.01201633e-01  8.30741362e-02  4.93232852e-01
   5.59859739e-02 -2.28990883e+00]
 [-4.66148524e-01 -9.34098606e-01 -8.58834803e-01 -9.89079613e-01
   6.07684489e-01  1.29937375e-01]
 [-4.97411362e-01  2.36288292e-01  2.52144367e-01  1.10820352e-01
   6.69097573e-02 -4.63016000e-01]
 [-2.62864502e-01  1.63505264e-01  6.07554108e-01  3.21972163e-01
   6.02725567e-02 -2.25302110e-01]
 [-8.65730959e-02  4.97264315e-01  1.54113293e-01  2.47020550e-01
   2.37688772e-03 -1.38040392e+00]
 [-4.34257125e-01  3.01987029e-01 -5.99986193e-01  4.40297801e-02
   8.75745452e-01 -1.07079921e-01]
 [-3.76181005e-02  3.60688503e-01  4.20382592e-01  5.87619021e-01
  -7.51378494e-01 -2.84188600e-01]
 [-3.48972582e-01  3.32830879e-01  3.60495816e-01  4.01812109e-02
  -7.44673187e-01 -5.81720871e-02]
 [ 7.65012037e-02 -1.88736767e-01 -1.38131320e+00 -2.71529996e-01
   7.99650604e-02 -2.46367687e-01]
 [ 3.03859826e-01 -8.30125702e-01 -9.13700175e-01  1.01819225e-01
   6.68403613e-01  2.09663879e-01]
 [ 4.43545281e-01  9.47247738e-01 -1.63293844e+00  2.60957078e-01
   3.26863747e-01 -7.48779996e-01]
 [ 3.82724158e-01 -1.57532966e+00 -2.37489641e-01 -5.35585339e-01
   1.30471941e-01  4.16585485e-01]
 [ 3.01623709e-01  4.36631609e-01 -7.31716454e-01  6.64815090e-01
  -7.86813446e-01  2.97243657e-01]
 [ 1.63247407e-01 -2.33569002e-01 -1.23388895e+00 -1.33810641e+00
  -4.64602339e-01  1.00816069e-01]
 [-2.31179291e-01  5.15201634e-01 -1.52593324e+00 -1.98675658e-01
   2.60626154e-01 -3.53061203e-01]
 [-6.37235313e-01  2.99074605e-01 -2.34131531e-01  2.31092998e-01
   1.66310198e-01 -5.56264324e-01]
 [-1.99112839e-01 -9.23790834e-03 -3.06180982e-01  5.68452272e-01
   3.08316793e-01  1.00554629e-01]]:
2019-12-24 21:22:20 [DEBUG] [47] >> Bpnn.predict
2019-12-24 21:22:21 [DEBUG] [30] >> LoadFile.write(result/submit_bpnn(50, 50).csv)
2019-12-24 21:22:21 [INFO] [45] >> 神经网络训练测试结束，predict结果保存在 result/submit_bpnn(50, 50).csv 中
2019-12-24 21:46:59 [DEBUG] [10] >> LoadFile.read(./data/train.csv)
2019-12-24 21:47:10 [DEBUG] [10] >> LoadFile.read(./data/test.csv)
2019-12-24 21:47:12 [INFO] [34] >> 神经网络规模：(50, 50)
2019-12-24 21:47:12 [DEBUG] [15] >> Bpnn.__init__((50, 50))
2019-12-24 21:47:12 [INFO] [18] >> 检测 (50, 50) 模型是否已经训练完成
2019-12-24 21:47:12 [INFO] [20] >> 规模:(50, 50) 训练模型已经存在，直接读取训练模型
2019-12-24 21:47:12 [DEBUG] [52] >> Bpnn.scaler
2019-12-24 21:47:13 [INFO] [47] >> 该规模神经网络已经预测过，结果在 result/submit_bpnn(50, 50).csv 中
2019-12-24 21:47:13 [DEBUG] [47] >> Bpnn.predict
2019-12-24 21:47:13 [DEBUG] [30] >> LoadFile.write(result/submit_bpnn(50, 50).csv)
2019-12-24 21:47:13 [INFO] [50] >> 神经网络训练测试结束，predict结果保存在 result/submit_bpnn(50, 50).csv 中
2019-12-24 21:50:51 [DEBUG] [10] >> LoadFile.read(./data/train.csv)
2019-12-24 21:51:02 [DEBUG] [10] >> LoadFile.read(./data/test.csv)
2019-12-24 21:51:04 [INFO] [34] >> 神经网络规模：(50, 50)
2019-12-24 21:51:04 [DEBUG] [15] >> Bpnn.__init__((50, 50))
2019-12-24 21:51:04 [INFO] [18] >> 检测 (50, 50) 模型是否已经训练完成
2019-12-24 21:51:04 [INFO] [20] >> 规模:(50, 50) 训练模型已经存在，直接读取训练模型
2019-12-24 21:51:04 [DEBUG] [52] >> Bpnn.scaler
2019-12-24 21:51:05 [INFO] [47] >> 该规模神经网络已经预测过，结果在 result/submit_bpnn(50, 50).csv 中
2019-12-24 21:51:05 [DEBUG] [47] >> Bpnn.predict
2019-12-24 21:51:05 [DEBUG] [30] >> LoadFile.write(result/submit_bpnn(50, 50).csv)
2019-12-24 21:51:06 [INFO] [50] >> 神经网络训练测试结束，predict结果保存在 result/submit_bpnn(50, 50).csv 中
2019-12-24 21:52:50 [DEBUG] [10] >> LoadFile.read(./data/train.csv)
2019-12-24 21:53:01 [DEBUG] [10] >> LoadFile.read(./data/test.csv)
2019-12-24 21:53:03 [INFO] [34] >> 神经网络规模：(50, 50)
2019-12-24 21:53:03 [DEBUG] [15] >> Bpnn.__init__((50, 50))
2019-12-24 21:53:03 [INFO] [18] >> 检测 (50, 50) 模型是否已经训练完成
2019-12-24 21:53:03 [INFO] [20] >> 规模:(50, 50) 训练模型已经存在，直接读取训练模型
2019-12-24 21:53:03 [DEBUG] [52] >> Bpnn.scaler
2019-12-24 21:53:04 [INFO] [47] >> 该规模神经网络已经预测过，结果在 result/submit_bpnn(50, 50).csv 中
2019-12-24 21:53:04 [DEBUG] [47] >> Bpnn.predict
2019-12-24 21:53:04 [DEBUG] [30] >> LoadFile.write(result/submit_bpnn(50, 50).csv)
2019-12-24 21:53:05 [INFO] [50] >> 神经网络训练测试结束，predict结果保存在 result/submit_bpnn(50, 50).csv 中
2019-12-24 21:53:55 [DEBUG] [10] >> LoadFile.read(./data/train.csv)
2019-12-24 21:54:16 [DEBUG] [10] >> LoadFile.read(./data/train.csv)
2019-12-24 21:54:29 [DEBUG] [10] >> LoadFile.read(./data/train.csv)
2019-12-24 21:55:27 [DEBUG] [10] >> LoadFile.read(./data/train.csv)
2019-12-24 21:55:40 [DEBUG] [10] >> LoadFile.read(./data/test.csv)
2019-12-24 21:58:44 [DEBUG] [10] >> LoadFile.read(./data/train.csv)
2019-12-24 21:58:57 [DEBUG] [10] >> LoadFile.read(./data/test.csv)
2019-12-24 22:00:36 [DEBUG] [10] >> LoadFile.read(./data/train.csv)
2019-12-24 22:00:48 [DEBUG] [10] >> LoadFile.read(./data/test.csv)
2019-12-24 22:00:50 [INFO] [34] >> 神经网络规模：(50, 50)
2019-12-24 22:00:50 [DEBUG] [15] >> Bpnn.__init__((50, 50))
2019-12-24 22:00:50 [INFO] [18] >> 检测 (50, 50) 模型是否已经训练完成
2019-12-24 22:00:50 [INFO] [24] >> 规模:(50, 50) 训练模型不存在
2019-12-24 22:00:50 [DEBUG] [52] >> Bpnn.scaler
2019-12-24 22:00:51 [DEBUG] [35] >> Bpnn.train
2019-12-24 22:17:21 [INFO] [65] >> 神经网络模型已经保存至 models/bpnn.(50, 50).model 中
2019-12-24 22:17:21 [DEBUG] [40] >> Bpnn.print
2019-12-24 22:17:21 [INFO] [44] >> 第1层网络层: 权重矩阵维度=(25, 50) 系数矩阵=[[-8.29986175e-01  1.67387795e-02  3.89971093e-01 ... -1.36282054e-01
  -4.97064115e-01  9.33235269e-01]
 [-1.21032300e-02  4.24506413e-02  1.55291858e-02 ... -4.85183620e-01
   3.77713963e-02 -2.63933604e-03]
 [ 2.70194938e-02  5.28466474e-02  1.56827868e-01 ...  2.59324541e-02
  -1.39073843e-01  2.35861884e-02]
 ...
 [-8.50604252e-03  1.47351988e-02 -5.28957462e-02 ...  7.86194815e-02
   4.96171512e-04  1.46557209e-02]
 [-1.27477354e-02 -2.80693320e-02 -7.54129296e-03 ... -4.39465016e-01
  -1.48013292e-02  8.30412977e-03]
 [-1.02759930e-02  8.58791160e-02 -8.60451282e-03 ...  2.82976078e-02
   4.62206848e-03 -7.24798508e-03]]:
2019-12-24 22:17:21 [INFO] [44] >> 第2层网络层: 权重矩阵维度=(50, 50) 系数矩阵=[[ 0.26219536  0.84631179  0.32449172 ...  0.90659786  0.05773996
   0.43031088]
 [ 0.42366976 -0.95103018  0.31080471 ...  0.22749118  1.10326952
   0.0016919 ]
 [-0.13735704  0.63181991 -0.24777814 ... -0.07093288 -0.3449638
   0.12882082]
 ...
 [ 0.40075723 -0.51962718 -0.42804046 ... -1.18439774  0.24175386
   0.16118064]
 [-0.02970852 -0.0526851  -0.02938509 ... -0.09203144 -0.12797086
  -0.13807084]
 [ 0.16279815 -0.46139731  0.02739493 ...  1.21336827 -0.54496214
  -0.36972689]]:
2019-12-24 22:17:21 [INFO] [44] >> 第3层网络层: 权重矩阵维度=(50, 11) 系数矩阵=[[-3.03960258e-001 -3.90888560e-001 -1.43137533e+000  7.60886248e-001
   5.69627327e-001 -9.53752958e-002 -4.44229102e-001 -5.36355452e-001
  -5.04549774e-001 -4.59820909e-001 -2.49585272e-001]
 [ 3.59764533e-001 -2.32212886e-002  8.36830921e-001 -1.50458659e-001
  -1.01070378e+000  1.31194774e-001  3.58584283e-001 -3.92216491e-001
  -5.45926710e-001 -4.37471063e-001  3.42839135e-001]
 [ 2.08424335e-001 -3.87358279e-001 -2.29261327e+000  2.07586070e-001
   7.49461693e-001 -4.78241790e-001 -4.72591127e-001 -5.11102130e-001
  -5.40568549e-001 -4.05327324e-001  2.83641520e-001]
 [ 2.61667163e-001 -6.82928024e-001  7.47527699e-002 -7.16535257e-001
  -4.68015895e-001 -3.15995608e+000 -3.43760043e-001 -3.02052693e-001
  -2.60439187e-001 -2.66896780e-001  3.61257627e-001]
 [ 5.87365616e-002  2.15808417e-001  3.43135098e-001 -3.04366411e-001
   2.85185416e-001 -7.59423048e-001 -9.78729012e-004  1.75728990e+000
  -2.08068943e+000  5.27536032e-001  1.52487004e-001]
 [-3.26220504e-001 -2.74546926e-001  1.24914031e-001 -3.42686993e-001
   1.17934561e+000  9.90750541e-002  1.71638534e-001  9.23672084e-002
  -8.95638593e-002 -1.08726260e-001 -2.86223688e-001]
 [-1.67946018e-001  1.59664856e-001 -3.17317031e-001 -1.54557047e-001
   4.40058470e-002  7.09450684e-001 -4.40554269e-001 -1.75286316e-001
  -1.49604989e-001 -1.50552402e-001 -2.04048952e+000]
 [ 2.55080260e-003  9.63810403e-002  9.22797139e-002 -1.23037004e+000
  -7.98797018e-001  3.89049797e-001 -5.65947865e-001 -8.63635748e-001
   2.14083468e-001  2.38469848e-001 -1.29982588e-001]
 [ 1.86066317e-001  1.10665093e+000  1.35929848e-001 -1.92433728e-001
   1.96406158e-001  1.89037361e-001  1.01802016e+000  1.83213026e-001
   2.49618246e-001 -1.92584085e+000  1.17671324e-001]
 [ 1.59266384e-001  2.83952209e-001 -4.78645178e-001  2.73806185e-002
  -1.44343844e+000  7.70703888e-002  1.46503214e-001  2.24907766e-001
   2.61027509e-001  2.53299909e-001 -4.36481330e-001]
 [-9.65089048e-002 -2.70069393e-002 -9.65978658e-001  2.66188471e-001
   7.52258993e-001  6.90050274e-001  9.22414290e-002 -4.36371404e-001
  -1.84366714e-001  2.34833952e-001 -8.81777241e-002]
 [ 1.09157694e-002  1.82817448e-002  3.72278503e-002  3.84624649e-001
  -6.69511429e-002 -2.07640564e-001  1.76267806e+000  3.35531737e-001
  -1.59861026e+000 -1.03950476e+000  2.49524757e-001]
 [ 3.48750182e-001  1.01904385e-001  1.63104815e-001 -6.95852558e-001
  -2.92143032e-001 -1.10852021e+000 -6.63296095e-002 -1.78805812e+000
   7.17329621e-001 -1.26127599e-001  1.52645759e-001]
 [-4.54692780e-001 -4.43576232e-002 -1.00042365e+000 -2.48992787e+000
  -1.58389805e+000 -2.39863261e+000  6.48701237e-001  3.35691769e-001
   2.27304633e-001  2.08071092e-001 -3.15385224e-001]
 [-8.77480620e-002  7.92062710e-001  1.41358567e-001  6.58058406e-002
  -2.08567247e-001  7.51451011e-001 -7.34395850e-001 -6.55220593e-001
  -7.34146333e-001 -1.79273629e-002 -4.76759254e-002]
 [-4.22273390e-001 -6.81944063e-001 -5.12264067e-001  4.80180376e-001
  -1.17691296e-001  5.50765008e-001 -4.00777976e-002 -1.96855473e-001
   2.61004246e-001  1.97766759e-001 -2.14044603e-001]
 [ 4.35250431e-001  2.31580983e-001 -6.71464912e-001 -9.13432773e-001
   6.63197977e-001 -1.60407077e+000 -9.74526416e-002  4.92306823e-002
   1.84114961e-001  2.68717522e-001 -2.06253564e-001]
 [ 3.07313819e-001  2.20273831e-001  2.23966357e-001 -8.71755952e-001
  -9.60881906e-001 -8.63375202e-001 -2.30456721e+000 -6.84088948e-001
  -2.47309662e-001  2.73767528e-003  1.36325625e-001]
 [ 6.64607487e-316 -4.28455095e-315  2.03093847e-315  1.04369347e-316
  -6.10260938e-316  1.16104504e-315  3.27296503e-315 -2.53233365e-315
  -4.11637530e-315  3.59252920e-315 -1.97274157e-315]
 [ 1.30807749e-001  2.39650559e-001  8.19323340e-002  2.10225462e-001
   5.40293319e-001  1.01230303e-001 -2.68868436e-001 -6.24647566e-002
  -1.92576382e-001 -1.77750478e-001 -4.05994086e-001]
 [-2.02638928e-001 -2.68887688e-001 -1.21656519e+000 -1.63924664e-001
  -1.91088476e-001  5.36124539e-001  2.56611352e-001  4.10833424e-001
   3.32116882e-001 -4.39217258e-001 -2.96720832e-001]
 [-9.17785581e-001 -3.64680278e-001 -1.08100385e+000  2.15393564e-002
  -4.05338236e-001  4.62906469e-001  1.46282472e+000  5.73151495e-001
   1.75756971e-001 -9.44369805e-002 -8.94514391e-001]
 [ 7.61372318e-001 -7.94208932e-001 -1.38409013e-001 -2.65517016e-001
  -5.82717684e-001  4.00505295e-001 -5.57143510e-001 -5.29372770e-001
  -5.46085066e-001 -7.31207263e-001  5.55377956e-001]
 [-4.00180153e-002 -2.88865821e-001  1.42003474e-001 -1.00530573e-001
  -6.13670169e-001 -4.45337417e-001 -1.47181244e-001 -1.57931182e-001
  -1.10226889e-001 -4.88546455e-002  8.45887483e-001]
 [-6.89316811e-001  6.69864982e-001 -7.27830900e-001  6.85976614e-001
   5.52314161e-002  5.75052741e-001 -1.28289192e+000 -1.16271977e+000
  -1.00514472e+000 -6.79750008e-001 -6.44511996e-001]
 [ 8.21010053e-002  2.64649660e-001  1.43067671e-001 -1.54705445e-001
  -1.26722789e-001 -1.03981060e+000  2.46965302e-001  5.73785605e-001
  -6.14991872e-001  2.28184599e-001  2.79672649e-002]
 [ 3.14880796e-001  2.11674927e-001  1.20189302e-001 -5.39625273e-001
  -1.40658567e+000 -3.04507723e+000 -9.12489342e-001  1.04286083e+000
   5.77906263e-002  1.09634813e-001  2.07547370e-001]
 [-5.75497937e-001  2.56786935e-001 -1.07825255e+000 -4.30298190e-002
  -4.67793418e-001 -6.15629808e-002 -1.46764784e-001  2.18296625e-001
   2.93544457e-001  4.30956598e-001 -3.79422089e-001]
 [-5.76281867e-001 -2.02878186e-001 -3.46781808e-001 -1.05565133e+000
  -2.35318082e+000 -4.69561519e-001  2.20503128e-001  2.51592700e-001
   2.20361268e+000 -9.87094838e-002 -7.48048020e-001]
 [ 6.75523964e-001 -9.01346316e-002  1.28648650e+000 -1.86791998e-001
   6.32726530e-001  8.61817167e-001 -7.55980984e-001 -3.07363855e+000
  -3.16091136e+000 -1.08658838e+000  8.67629603e-001]
 [ 1.60287516e-001  2.56393225e-001  1.00146987e-001 -1.29247824e+000
  -3.96396209e-001 -8.02722299e-001 -6.00608166e-001  2.31690748e-001
   6.41177327e-002 -1.13557173e-001  1.09875445e-001]
 [ 1.20648307e-001  8.18135625e-002  2.27030661e-001 -1.94089273e+000
  -1.65355638e-001 -1.48151814e-002  2.37219015e-001 -1.15850383e+000
   8.52380146e-001  1.51767734e-001  2.65448712e-001]
 [-1.18458742e+000  6.27430598e-001  5.14853171e-001 -2.13410879e-002
  -2.05798677e+000  7.01454118e-001  3.48582375e-001  1.92168454e+000
   4.63487438e-001  7.69705162e-001 -1.09058940e+000]
 [-3.81343626e-001  4.59581778e-001 -3.02878453e-002  1.14681874e+000
  -1.55742455e+000 -1.62271967e+000  3.89668180e-001  2.33544602e-002
   9.68602223e-002  1.41096699e-001 -3.81141217e-001]
 [-2.65699552e-001  1.65348096e-001 -1.27129932e+000  3.97922601e-001
  -3.06664320e-001  3.47501223e-001 -2.94421021e-001 -3.23469616e-002
  -6.66948140e-002 -2.36689720e-001 -3.75524511e-001]
 [ 1.56014527e-001 -8.40624888e-001  3.18553925e-001  2.59106038e-001
   4.29719878e-001 -5.48163989e-001 -5.67828925e-001 -5.21210876e-001
  -6.44403039e-001 -8.89522627e-001 -2.43698015e-002]
 [-1.09058884e+000  6.22321498e-001  9.39699840e-001  6.70293592e-001
  -6.35972726e-001 -2.01335876e-002  3.56943010e-001 -1.21393580e-002
   2.98030805e-001  5.79212819e-001 -6.71729731e-001]
 [ 3.11606491e-001 -1.77585603e+000  2.19030723e-001  1.16836219e-001
   6.26220399e-001 -7.05276533e-001 -2.44021601e-001 -4.35799971e-001
   1.85607203e-001  1.35456381e+000  3.94631995e-001]
 [-2.38275032e-001 -4.09786959e-001  3.31918698e-001  6.27583269e-001
   4.37703991e-002  1.25250713e+000  3.05235476e-001  4.75621849e-001
   7.79449001e-002 -3.96197934e-001 -2.67410182e-001]
 [ 7.28367525e-002 -9.42959988e-002  2.41223408e-001 -1.02733374e-001
  -1.04953622e-001 -2.36685847e-001 -1.35381518e+000 -2.54414149e-001
  -1.90966558e-001  3.46634316e-001  5.44089679e-002]
 [-7.83811376e-001 -2.99337380e-001 -8.38390414e-001  1.29354945e-001
   1.96488181e-001  9.73917158e-001  2.31101807e-001 -1.01901318e-001
  -7.29408449e-002 -6.78740888e-002 -2.30656590e-001]
 [ 2.14602356e-001  4.93074269e-001  7.73511288e-002 -2.43064395e+000
  -1.29332426e+000 -1.15165653e+000  4.28680650e-002  6.98775007e-002
  -1.37126572e-002 -1.43547749e-001  4.55312930e-001]
 [-6.31183246e-001 -4.45830634e-001  4.12544695e-001  8.20015807e-001
  -6.52949244e-002 -1.18568264e-001 -5.17108187e-003 -2.23729252e-001
  -2.35434247e-001 -2.91664925e-001 -7.73824779e-001]
 [-1.14318406e-001 -1.26813062e-001 -3.86213876e-001 -2.42195941e-001
  -1.97867021e-001 -1.06020831e-001  1.19626372e+000  4.44719162e-001
   1.87785548e-001 -1.19795206e-002 -3.25785359e-001]
 [-4.63427801e-001 -1.57262901e-001 -9.41220922e-002  4.65783601e-001
  -3.31114894e-001 -6.41899787e-001  2.26089863e-001  8.69867349e-002
   8.32947448e-002  1.06074846e-001 -2.98304750e-001]
 [ 3.02634394e-001 -2.75646018e-001  3.95474026e-001  1.00788782e-001
   3.58499095e-001 -7.21069302e-001 -1.09492663e+000 -1.29438988e+000
  -8.36653513e-001 -7.37578817e-001  3.71722674e-001]
 [ 2.54953786e-001 -1.42127787e-001  9.09864713e-001  1.96432939e-001
   6.28439243e-002  8.18596294e-001 -5.33888467e-002 -1.83293304e-001
  -1.03576257e-001 -1.50227802e-001 -1.63077607e-001]
 [-2.18034001e-002 -1.18466557e+000 -3.03381816e-001  3.65934669e-001
   6.72176406e-001  2.77758505e-001  5.34392982e-002 -6.12765813e-002
  -5.53608092e-002  6.58080938e-001 -1.36452210e-001]
 [ 8.43187046e-002  1.81805262e-001 -1.44023192e-001  1.56335556e-001
  -1.41678467e+000 -2.48675791e-001 -7.22195315e-001  3.60186591e-002
  -1.10503266e+000  2.67211805e-001  1.83402602e-001]
 [-2.42944007e-001  3.40442873e-001 -5.19599896e-001 -5.52778249e-001
   4.40533559e-001 -8.16396702e-001 -2.61589807e-001 -4.58704378e-001
  -2.04686497e-002  4.83756689e-001 -5.30372420e-001]]:
2019-12-24 22:17:21 [DEBUG] [47] >> Bpnn.predict
2019-12-24 22:17:22 [DEBUG] [30] >> LoadFile.write(result/submit_bpnn(50, 50).csv)
2019-12-24 22:17:22 [INFO] [45] >> 神经网络训练测试结束，predict结果保存在 result/submit_bpnn(50, 50).csv 中
